<?xml version="1.0" encoding="UTF-8"?>
<!-- Generated by org.testng.reporters.JUnitXMLReporter -->
<testsuite ignored="3" hostname="LAPTOP-3LMAQE78" failures="0" tests="1" name="Default test" time="6.116" errors="0" timestamp="2022-10-27T16:22:56 IST">
  <testcase classname="com.Opencart.TestcaseScript.LogoutTests" name="logout2" time="3.453"/>
  <testcase classname="com.Opencart.TestcaseScript.LogoutTests" name="logout3" time="0.0">
    <ignored/>
  </testcase> <!-- logout3 -->
  <testcase classname="com.Opencart.TestcaseScript.LogoutTests" name="logout4" time="0.0">
    <ignored/>
  </testcase> <!-- logout4 -->
  <testcase classname="com.Opencart.TestcaseScript.LogoutTests" name="logout1" time="0.0">
    <ignored/>
  </testcase> <!-- logout1 -->
</testsuite> <!-- Default test -->
