<?xml version="1.0" encoding="UTF-8"?>
<testng-results ignored="2" total="3" passed="1" failed="0" skipped="0">
  <reporter-output>
  </reporter-output>
  <suite started-at="2022-11-05T20:20:26 IST" name="Default suite" finished-at="2022-11-05T20:20:28 IST" duration-ms="1315">
    <groups>
    </groups>
    <test started-at="2022-11-05T20:20:26 IST" name="Default test" finished-at="2022-11-05T20:20:28 IST" duration-ms="1315">
      <class name="com.Opencart.TestcaseScript.Testing">
        <test-method signature="test1()[pri:0, instance:com.Opencart.TestcaseScript.Testing@5ffead27]" started-at="2022-11-05T20:20:26 IST" name="test1" finished-at="2022-11-05T20:20:28 IST" duration-ms="1234" status="PASS">
          <reporter-output>
          </reporter-output>
        </test-method> <!-- test1 -->
      </class> <!-- com.Opencart.TestcaseScript.Testing -->
    </test> <!-- Default test -->
  </suite> <!-- Default suite -->
</testng-results>
